Usage: xtc2h5 [OPTIONS] EXPNAME RUN DETECTORS
Usage: xtc2h5 [OPTIONS] EXPNAME RUN DETECTORS
Usage: xtc2h5 [OPTIONS] EXPNAME RUN DETECTORS
Usage: xtc2h5 [OPTIONS] EXPNAME RUN DETECTORS
Usage: xtc2h5 [OPTIONS] EXPNAME RUN DETECTORS
Usage: xtc2h5 [OPTIONS] EXPNAME RUN DETECTORS
Usage: xtc2h5 [OPTIONS] EXPNAME RUN DETECTORS
Usage: xtc2h5 [OPTIONS] EXPNAME RUN DETECTORS
Usage: xtc2h5 [OPTIONS] EXPNAME RUN DETECTORS
Usage: xtc2h5 [OPTIONS] EXPNAME RUN DETECTORS
Usage: xtc2h5 [OPTIONS] EXPNAME RUN DETECTORS
Usage: xtc2h5 [OPTIONS] EXPNAME RUN DETECTORS
Usage: xtc2h5 [OPTIONS] EXPNAME RUN DETECTORS
Usage: xtc2h5 [OPTIONS] EXPNAME RUN DETECTORS
Usage: xtc2h5 [OPTIONS] EXPNAME RUN DETECTORS
Usage: xtc2h5 [OPTIONS] EXPNAME RUN DETECTORS
Usage: xtc2h5 [OPTIONS] EXPNAME RUN DETECTORS
Usage: xtc2h5 [OPTIONS] EXPNAME RUN DETECTORS
Usage: xtc2h5 [OPTIONS] EXPNAME RUN DETECTORS
Usage: xtc2h5 [OPTIONS] EXPNAME RUN DETECTORS
Usage: xtc2h5 [OPTIONS] EXPNAME RUN DETECTORS
Usage: xtc2h5 [OPTIONS] EXPNAME RUN DETECTORS
Usage: xtc2h5 [OPTIONS] EXPNAME RUN DETECTORS
Usage: xtc2h5 [OPTIONS] EXPNAME RUN DETECTORS
Usage: xtc2h5 [OPTIONS] EXPNAME RUN DETECTORS
Usage: xtc2h5 [OPTIONS] EXPNAME RUN DETECTORS
Usage: xtc2h5 [OPTIONS] EXPNAME RUN DETECTORS
Usage: xtc2h5 [OPTIONS] EXPNAME RUN DETECTORS
Usage: xtc2h5 [OPTIONS] EXPNAME RUN DETECTORS
Usage: xtc2h5 [OPTIONS] EXPNAME RUN DETECTORS
Usage: xtc2h5 [OPTIONS] EXPNAME RUN DETECTORS
Usage: xtc2h5 [OPTIONS] EXPNAME RUN DETECTORS
Usage: xtc2h5 [OPTIONS] EXPNAME RUN DETECTORS
Usage: xtc2h5 [OPTIONS] EXPNAME RUN DETECTORS
Usage: xtc2h5 [OPTIONS] EXPNAME RUN DETECTORS
Usage: xtc2h5 [OPTIONS] EXPNAME RUN DETECTORS
Usage: xtc2h5 [OPTIONS] EXPNAME RUN DETECTORS
Usage: xtc2h5 [OPTIONS] EXPNAME RUN DETECTORS
Usage: xtc2h5 [OPTIONS] EXPNAME RUN DETECTORS
Usage: xtc2h5 [OPTIONS] EXPNAME RUN DETECTORS
Usage: xtc2h5 [OPTIONS] EXPNAME RUN DETECTORS
Usage: xtc2h5 [OPTIONS] EXPNAME RUN DETECTORS
Usage: xtc2h5 [OPTIONS] EXPNAME RUN DETECTORS
Usage: xtc2h5 [OPTIONS] EXPNAME RUN DETECTORS
Usage: xtc2h5 [OPTIONS] EXPNAME RUN DETECTORS
Usage: xtc2h5 [OPTIONS] EXPNAME RUN DETECTORS
Usage: xtc2h5 [OPTIONS] EXPNAME RUN DETECTORS
Usage: xtc2h5 [OPTIONS] EXPNAME RUN DETECTORS
Usage: xtc2h5 [OPTIONS] EXPNAME RUN DETECTORS
Usage: xtc2h5 [OPTIONS] EXPNAME RUN DETECTORS
Usage: xtc2h5 [OPTIONS] EXPNAME RUN DETECTORS
Usage: xtc2h5 [OPTIONS] EXPNAME RUN DETECTORS
Usage: xtc2h5 [OPTIONS] EXPNAME RUN DETECTORS
Usage: xtc2h5 [OPTIONS] EXPNAME RUN DETECTORS
Usage: xtc2h5 [OPTIONS] EXPNAME RUN DETECTORS
Usage: xtc2h5 [OPTIONS] EXPNAME RUN DETECTORS
Usage: xtc2h5 [OPTIONS] EXPNAME RUN DETECTORS
Usage: xtc2h5 [OPTIONS] EXPNAME RUN DETECTORS
Usage: xtc2h5 [OPTIONS] EXPNAME RUN DETECTORS
Usage: xtc2h5 [OPTIONS] EXPNAME RUN DETECTORS
Usage: xtc2h5 [OPTIONS] EXPNAME RUN DETECTORS
Usage: xtc2h5 [OPTIONS] EXPNAME RUN DETECTORS
Usage: xtc2h5 [OPTIONS] EXPNAME RUN DETECTORS
Usage: xtc2h5 [OPTIONS] EXPNAME RUN DETECTORS
Try 'xtc2h5 --help' for help.
Usage: xtc2h5 [OPTIONS] EXPNAME RUN DETECTORS
Try 'xtc2h5 --help' for help.
Usage: xtc2h5 [OPTIONS] EXPNAME RUN DETECTORS
Try 'xtc2h5 --help' for help.
Try 'xtc2h5 --help' for help.
Try 'xtc2h5 --help' for help.
Try 'xtc2h5 --help' for help.
Try 'xtc2h5 --help' for help.
Try 'xtc2h5 --help' for help.
Try 'xtc2h5 --help' for help.
Try 'xtc2h5 --help' for help.
Try 'xtc2h5 --help' for help.
Try 'xtc2h5 --help' for help.
Try 'xtc2h5 --help' for help.
Try 'xtc2h5 --help' for help.
Try 'xtc2h5 --help' for help.
Try 'xtc2h5 --help' for help.
Try 'xtc2h5 --help' for help.
Try 'xtc2h5 --help' for help.
Try 'xtc2h5 --help' for help.
Try 'xtc2h5 --help' for help.
Try 'xtc2h5 --help' for help.
Try 'xtc2h5 --help' for help.
Try 'xtc2h5 --help' for help.
Try 'xtc2h5 --help' for help.
Try 'xtc2h5 --help' for help.
Try 'xtc2h5 --help' for help.
Try 'xtc2h5 --help' for help.
Try 'xtc2h5 --help' for help.
Try 'xtc2h5 --help' for help.
Try 'xtc2h5 --help' for help.
Try 'xtc2h5 --help' for help.
Try 'xtc2h5 --help' for help.
Try 'xtc2h5 --help' for help.
Try 'xtc2h5 --help' for help.
Try 'xtc2h5 --help' for help.
Try 'xtc2h5 --help' for help.
Try 'xtc2h5 --help' for help.
Try 'xtc2h5 --help' for help.
Try 'xtc2h5 --help' for help.
Try 'xtc2h5 --help' for help.
Usage: xtc2h5 [OPTIONS] EXPNAME RUN DETECTORS
Usage: xtc2h5 [OPTIONS] EXPNAME RUN DETECTORS
Try 'xtc2h5 --help' for help.
Try 'xtc2h5 --help' for help.
Try 'xtc2h5 --help' for help.
Try 'xtc2h5 --help' for help.
Try 'xtc2h5 --help' for help.
Try 'xtc2h5 --help' for help.
Try 'xtc2h5 --help' for help.
Try 'xtc2h5 --help' for help.
Try 'xtc2h5 --help' for help.
Try 'xtc2h5 --help' for help.
Try 'xtc2h5 --help' for help.
Try 'xtc2h5 --help' for help.
Try 'xtc2h5 --help' for help.
Try 'xtc2h5 --help' for help.
Try 'xtc2h5 --help' for help.
Try 'xtc2h5 --help' for help.
Try 'xtc2h5 --help' for help.
Usage: xtc2h5 [OPTIONS] EXPNAME RUN DETECTORS
Usage: xtc2h5 [OPTIONS] EXPNAME RUN DETECTORS
Usage: xtc2h5 [OPTIONS] EXPNAME RUN DETECTORS
Usage: xtc2h5 [OPTIONS] EXPNAME RUN DETECTORS
Try 'xtc2h5 --help' for help.
Usage: xtc2h5 [OPTIONS] EXPNAME RUN DETECTORS
Try 'xtc2h5 --help' for help.
╭─ Error ──────────────────────────────────────────────────────────────────────╮
│ Invalid value for 'RUN': 'tmol1034523' is not a valid integer.               │
╰──────────────────────────────────────────────────────────────────────────────╯
Try 'xtc2h5 --help' for help.
Try 'xtc2h5 --help' for help.
╭─ Error ──────────────────────────────────────────────────────────────────────╮
│ Invalid value for 'RUN': 'tmol1034523' is not a valid integer.               │
╰──────────────────────────────────────────────────────────────────────────────╯
Try 'xtc2h5 --help' for help.
Try 'xtc2h5 --help' for help.
╭─ Error ──────────────────────────────────────────────────────────────────────╮
│ Invalid value for 'RUN': 'tmol1034523' is not a valid integer.               │
╰──────────────────────────────────────────────────────────────────────────────╯
Try 'xtc2h5 --help' for help.
Try 'xtc2h5 --help' for help.
╭─ Error ──────────────────────────────────────────────────────────────────────╮
│ Invalid value for 'RUN': 'tmol1034523' is not a valid integer.               │
╰──────────────────────────────────────────────────────────────────────────────╯
╭─ Error ──────────────────────────────────────────────────────────────────────╮
│ Invalid value for 'RUN': 'tmol1034523' is not a valid integer.               │
╰──────────────────────────────────────────────────────────────────────────────╯
╭─ Error ──────────────────────────────────────────────────────────────────────╮
│ Invalid value for 'RUN': 'tmol1034523' is not a valid integer.               │
╰──────────────────────────────────────────────────────────────────────────────╯
╭─ Error ──────────────────────────────────────────────────────────────────────╮
│ Invalid value for 'RUN': 'tmol1034523' is not a valid integer.               │
╰──────────────────────────────────────────────────────────────────────────────╯
Usage: xtc2h5 [OPTIONS] EXPNAME RUN DETECTORS
Usage: xtc2h5 [OPTIONS] EXPNAME RUN DETECTORS
Usage: xtc2h5 [OPTIONS] EXPNAME RUN DETECTORS
Usage: xtc2h5 [OPTIONS] EXPNAME RUN DETECTORS
Usage: xtc2h5 [OPTIONS] EXPNAME RUN DETECTORS
Usage: xtc2h5 [OPTIONS] EXPNAME RUN DETECTORS
╭─ Error ──────────────────────────────────────────────────────────────────────╮
│ Invalid value for 'RUN': 'tmol1034523' is not a valid integer.               │
╰──────────────────────────────────────────────────────────────────────────────╯
Try 'xtc2h5 --help' for help.
╭─ Error ──────────────────────────────────────────────────────────────────────╮
│ Invalid value for 'RUN': 'tmol1034523' is not a valid integer.               │
╰──────────────────────────────────────────────────────────────────────────────╯
╭─ Error ──────────────────────────────────────────────────────────────────────╮
│ Invalid value for 'RUN': 'tmol1034523' is not a valid integer.               │
╰──────────────────────────────────────────────────────────────────────────────╯
╭─ Error ──────────────────────────────────────────────────────────────────────╮
│ Invalid value for 'RUN': 'tmol1034523' is not a valid integer.               │
╰──────────────────────────────────────────────────────────────────────────────╯
╭─ Error ──────────────────────────────────────────────────────────────────────╮
│ Invalid value for 'RUN': 'tmol1034523' is not a valid integer.               │
╰──────────────────────────────────────────────────────────────────────────────╯
╭─ Error ──────────────────────────────────────────────────────────────────────╮
│ Invalid value for 'RUN': 'tmol1034523' is not a valid integer.               │
╰──────────────────────────────────────────────────────────────────────────────╯
╭─ Error ──────────────────────────────────────────────────────────────────────╮
│ Invalid value for 'RUN': 'tmol1034523' is not a valid integer.               │
╰──────────────────────────────────────────────────────────────────────────────╯
╭─ Error ──────────────────────────────────────────────────────────────────────╮
│ Invalid value for 'RUN': 'tmol1034523' is not a valid integer.               │
╰──────────────────────────────────────────────────────────────────────────────╯
╭─ Error ──────────────────────────────────────────────────────────────────────╮
│ Invalid value for 'RUN': 'tmol1034523' is not a valid integer.               │
╰──────────────────────────────────────────────────────────────────────────────╯
╭─ Error ──────────────────────────────────────────────────────────────────────╮
│ Invalid value for 'RUN': 'tmol1034523' is not a valid integer.               │
╰──────────────────────────────────────────────────────────────────────────────╯
╭─ Error ──────────────────────────────────────────────────────────────────────╮
│ Invalid value for 'RUN': 'tmol1034523' is not a valid integer.               │
╰──────────────────────────────────────────────────────────────────────────────╯
╭─ Error ──────────────────────────────────────────────────────────────────────╮
│ Invalid value for 'RUN': 'tmol1034523' is not a valid integer.               │
╰──────────────────────────────────────────────────────────────────────────────╯
╭─ Error ──────────────────────────────────────────────────────────────────────╮
│ Invalid value for 'RUN': 'tmol1034523' is not a valid integer.               │
╰──────────────────────────────────────────────────────────────────────────────╯
╭─ Error ──────────────────────────────────────────────────────────────────────╮
│ Invalid value for 'RUN': 'tmol1034523' is not a valid integer.               │
╰──────────────────────────────────────────────────────────────────────────────╯
╭─ Error ──────────────────────────────────────────────────────────────────────╮
│ Invalid value for 'RUN': 'tmol1034523' is not a valid integer.               │
╰──────────────────────────────────────────────────────────────────────────────╯
Usage: xtc2h5 [OPTIONS] EXPNAME RUN DETECTORS
╭─ Error ──────────────────────────────────────────────────────────────────────╮
│ Invalid value for 'RUN': 'tmol1034523' is not a valid integer.               │
╰──────────────────────────────────────────────────────────────────────────────╯
╭─ Error ──────────────────────────────────────────────────────────────────────╮
│ Invalid value for 'RUN': 'tmol1034523' is not a valid integer.               │
╰──────────────────────────────────────────────────────────────────────────────╯
Try 'xtc2h5 --help' for help.
╭─ Error ──────────────────────────────────────────────────────────────────────╮
│ Invalid value for 'RUN': 'tmol1034523' is not a valid integer.               │
╰──────────────────────────────────────────────────────────────────────────────╯
╭─ Error ──────────────────────────────────────────────────────────────────────╮
│ Invalid value for 'RUN': 'tmol1034523' is not a valid integer.               │
╰──────────────────────────────────────────────────────────────────────────────╯
╭─ Error ──────────────────────────────────────────────────────────────────────╮
│ Invalid value for 'RUN': 'tmol1034523' is not a valid integer.               │
╰──────────────────────────────────────────────────────────────────────────────╯
╭─ Error ──────────────────────────────────────────────────────────────────────╮
│ Invalid value for 'RUN': 'tmol1034523' is not a valid integer.               │
╰──────────────────────────────────────────────────────────────────────────────╯
╭─ Error ──────────────────────────────────────────────────────────────────────╮
│ Invalid value for 'RUN': 'tmol1034523' is not a valid integer.               │
╰──────────────────────────────────────────────────────────────────────────────╯
╭─ Error ──────────────────────────────────────────────────────────────────────╮
│ Invalid value for 'RUN': 'tmol1034523' is not a valid integer.               │
╰──────────────────────────────────────────────────────────────────────────────╯
╭─ Error ──────────────────────────────────────────────────────────────────────╮
│ Invalid value for 'RUN': 'tmol1034523' is not a valid integer.               │
╰──────────────────────────────────────────────────────────────────────────────╯
╭─ Error ──────────────────────────────────────────────────────────────────────╮
│ Invalid value for 'RUN': 'tmol1034523' is not a valid integer.               │
╰──────────────────────────────────────────────────────────────────────────────╯
╭─ Error ──────────────────────────────────────────────────────────────────────╮
│ Invalid value for 'RUN': 'tmol1034523' is not a valid integer.               │
╰──────────────────────────────────────────────────────────────────────────────╯
╭─ Error ──────────────────────────────────────────────────────────────────────╮
│ Invalid value for 'RUN': 'tmol1034523' is not a valid integer.               │
╰──────────────────────────────────────────────────────────────────────────────╯
╭─ Error ──────────────────────────────────────────────────────────────────────╮
│ Invalid value for 'RUN': 'tmol1034523' is not a valid integer.               │
╰──────────────────────────────────────────────────────────────────────────────╯
╭─ Error ──────────────────────────────────────────────────────────────────────╮
│ Invalid value for 'RUN': 'tmol1034523' is not a valid integer.               │
╰──────────────────────────────────────────────────────────────────────────────╯
╭─ Error ──────────────────────────────────────────────────────────────────────╮
│ Invalid value for 'RUN': 'tmol1034523' is not a valid integer.               │
╰──────────────────────────────────────────────────────────────────────────────╯
╭─ Error ──────────────────────────────────────────────────────────────────────╮
│ Invalid value for 'RUN': 'tmol1034523' is not a valid integer.               │
╰──────────────────────────────────────────────────────────────────────────────╯
Usage: xtc2h5 [OPTIONS] EXPNAME RUN DETECTORS
Try 'xtc2h5 --help' for help.
Usage: xtc2h5 [OPTIONS] EXPNAME RUN DETECTORS
╭─ Error ──────────────────────────────────────────────────────────────────────╮
│ Invalid value for 'RUN': 'tmol1034523' is not a valid integer.               │
╰──────────────────────────────────────────────────────────────────────────────╯
╭─ Error ──────────────────────────────────────────────────────────────────────╮
│ Invalid value for 'RUN': 'tmol1034523' is not a valid integer.               │
╰──────────────────────────────────────────────────────────────────────────────╯
╭─ Error ──────────────────────────────────────────────────────────────────────╮
│ Invalid value for 'RUN': 'tmol1034523' is not a valid integer.               │
╰──────────────────────────────────────────────────────────────────────────────╯
╭─ Error ──────────────────────────────────────────────────────────────────────╮
│ Invalid value for 'RUN': 'tmol1034523' is not a valid integer.               │
╰──────────────────────────────────────────────────────────────────────────────╯
╭─ Error ──────────────────────────────────────────────────────────────────────╮
│ Invalid value for 'RUN': 'tmol1034523' is not a valid integer.               │
╰──────────────────────────────────────────────────────────────────────────────╯
╭─ Error ──────────────────────────────────────────────────────────────────────╮
│ Invalid value for 'RUN': 'tmol1034523' is not a valid integer.               │
╰──────────────────────────────────────────────────────────────────────────────╯
╭─ Error ──────────────────────────────────────────────────────────────────────╮
│ Invalid value for 'RUN': 'tmol1034523' is not a valid integer.               │
╰──────────────────────────────────────────────────────────────────────────────╯
╭─ Error ──────────────────────────────────────────────────────────────────────╮
│ Invalid value for 'RUN': 'tmol1034523' is not a valid integer.               │
╰──────────────────────────────────────────────────────────────────────────────╯
╭─ Error ──────────────────────────────────────────────────────────────────────╮
│ Invalid value for 'RUN': 'tmol1034523' is not a valid integer.               │
╰──────────────────────────────────────────────────────────────────────────────╯
╭─ Error ──────────────────────────────────────────────────────────────────────╮
│ Invalid value for 'RUN': 'tmol1034523' is not a valid integer.               │
╰──────────────────────────────────────────────────────────────────────────────╯
╭─ Error ──────────────────────────────────────────────────────────────────────╮
│ Invalid value for 'RUN': 'tmol1034523' is not a valid integer.               │
╰──────────────────────────────────────────────────────────────────────────────╯
╭─ Error ──────────────────────────────────────────────────────────────────────╮
│ Invalid value for 'RUN': 'tmol1034523' is not a valid integer.               │
╰──────────────────────────────────────────────────────────────────────────────╯
╭─ Error ──────────────────────────────────────────────────────────────────────╮
│ Invalid value for 'RUN': 'tmol1034523' is not a valid integer.               │
╰──────────────────────────────────────────────────────────────────────────────╯
╭─ Error ──────────────────────────────────────────────────────────────────────╮
│ Invalid value for 'RUN': 'tmol1034523' is not a valid integer.               │
╰──────────────────────────────────────────────────────────────────────────────╯
╭─ Error ──────────────────────────────────────────────────────────────────────╮
│ Invalid value for 'RUN': 'tmol1034523' is not a valid integer.               │
╰──────────────────────────────────────────────────────────────────────────────╯
╭─ Error ──────────────────────────────────────────────────────────────────────╮
│ Invalid value for 'RUN': 'tmol1034523' is not a valid integer.               │
╰──────────────────────────────────────────────────────────────────────────────╯
╭─ Error ──────────────────────────────────────────────────────────────────────╮
│ Invalid value for 'RUN': 'tmol1034523' is not a valid integer.               │
╰──────────────────────────────────────────────────────────────────────────────╯
╭─ Error ──────────────────────────────────────────────────────────────────────╮
│ Invalid value for 'RUN': 'tmol1034523' is not a valid integer.               │
╰──────────────────────────────────────────────────────────────────────────────╯
Usage: xtc2h5 [OPTIONS] EXPNAME RUN DETECTORS
Usage: xtc2h5 [OPTIONS] EXPNAME RUN DETECTORS
Usage: xtc2h5 [OPTIONS] EXPNAME RUN DETECTORS
Usage: xtc2h5 [OPTIONS] EXPNAME RUN DETECTORS
Usage: xtc2h5 [OPTIONS] EXPNAME RUN DETECTORS
Usage: xtc2h5 [OPTIONS] EXPNAME RUN DETECTORS
Usage: xtc2h5 [OPTIONS] EXPNAME RUN DETECTORS
Usage: xtc2h5 [OPTIONS] EXPNAME RUN DETECTORS
Usage: xtc2h5 [OPTIONS] EXPNAME RUN DETECTORS
Usage: xtc2h5 [OPTIONS] EXPNAME RUN DETECTORS
Usage: xtc2h5 [OPTIONS] EXPNAME RUN DETECTORS
Usage: xtc2h5 [OPTIONS] EXPNAME RUN DETECTORS
Usage: xtc2h5 [OPTIONS] EXPNAME RUN DETECTORS
Usage: xtc2h5 [OPTIONS] EXPNAME RUN DETECTORS
Usage: xtc2h5 [OPTIONS] EXPNAME RUN DETECTORS
Usage: xtc2h5 [OPTIONS] EXPNAME RUN DETECTORS
Usage: xtc2h5 [OPTIONS] EXPNAME RUN DETECTORS
Usage: xtc2h5 [OPTIONS] EXPNAME RUN DETECTORS
Usage: xtc2h5 [OPTIONS] EXPNAME RUN DETECTORS
Usage: xtc2h5 [OPTIONS] EXPNAME RUN DETECTORS
Usage: xtc2h5 [OPTIONS] EXPNAME RUN DETECTORS
Usage: xtc2h5 [OPTIONS] EXPNAME RUN DETECTORS
Usage: xtc2h5 [OPTIONS] EXPNAME RUN DETECTORS
Usage: xtc2h5 [OPTIONS] EXPNAME RUN DETECTORS
Usage: xtc2h5 [OPTIONS] EXPNAME RUN DETECTORS
Usage: xtc2h5 [OPTIONS] EXPNAME RUN DETECTORS
Usage: xtc2h5 [OPTIONS] EXPNAME RUN DETECTORS
Usage: xtc2h5 [OPTIONS] EXPNAME RUN DETECTORS
Usage: xtc2h5 [OPTIONS] EXPNAME RUN DETECTORS
Usage: xtc2h5 [OPTIONS] EXPNAME RUN DETECTORS
Usage: xtc2h5 [OPTIONS] EXPNAME RUN DETECTORS
Usage: xtc2h5 [OPTIONS] EXPNAME RUN DETECTORS
Usage: xtc2h5 [OPTIONS] EXPNAME RUN DETECTORS
Usage: xtc2h5 [OPTIONS] EXPNAME RUN DETECTORS
Usage: xtc2h5 [OPTIONS] EXPNAME RUN DETECTORS
Usage: xtc2h5 [OPTIONS] EXPNAME RUN DETECTORS
Usage: xtc2h5 [OPTIONS] EXPNAME RUN DETECTORS
Try 'xtc2h5 --help' for help.
Try 'xtc2h5 --help' for help.
Try 'xtc2h5 --help' for help.
Try 'xtc2h5 --help' for help.
Try 'xtc2h5 --help' for help.
Try 'xtc2h5 --help' for help.
Try 'xtc2h5 --help' for help.
╭─ Error ──────────────────────────────────────────────────────────────────────╮
│ Invalid value for 'RUN': 'tmol1034523' is not a valid integer.               │
╰──────────────────────────────────────────────────────────────────────────────╯
╭─ Error ──────────────────────────────────────────────────────────────────────╮
│ Invalid value for 'RUN': 'tmol1034523' is not a valid integer.               │
╰──────────────────────────────────────────────────────────────────────────────╯
Usage: xtc2h5 [OPTIONS] EXPNAME RUN DETECTORS
Try 'xtc2h5 --help' for help.
Try 'xtc2h5 --help' for help.
╭─ Error ──────────────────────────────────────────────────────────────────────╮
│ Invalid value for 'RUN': 'tmol1034523' is not a valid integer.               │
╰──────────────────────────────────────────────────────────────────────────────╯
╭─ Error ──────────────────────────────────────────────────────────────────────╮
│ Invalid value for 'RUN': 'tmol1034523' is not a valid integer.               │
╰──────────────────────────────────────────────────────────────────────────────╯
╭─ Error ──────────────────────────────────────────────────────────────────────╮
│ Invalid value for 'RUN': 'tmol1034523' is not a valid integer.               │
╰──────────────────────────────────────────────────────────────────────────────╯
╭─ Error ──────────────────────────────────────────────────────────────────────╮
│ Invalid value for 'RUN': 'tmol1034523' is not a valid integer.               │
╰──────────────────────────────────────────────────────────────────────────────╯
Try 'xtc2h5 --help' for help.
Try 'xtc2h5 --help' for help.
Try 'xtc2h5 --help' for help.
╭─ Error ──────────────────────────────────────────────────────────────────────╮
│ Invalid value for 'RUN': 'tmol1034523' is not a valid integer.               │
╰──────────────────────────────────────────────────────────────────────────────╯
Try 'xtc2h5 --help' for help.
Try 'xtc2h5 --help' for help.
Try 'xtc2h5 --help' for help.
╭─ Error ──────────────────────────────────────────────────────────────────────╮
│ Invalid value for 'RUN': 'tmol1034523' is not a valid integer.               │
╰──────────────────────────────────────────────────────────────────────────────╯
Try 'xtc2h5 --help' for help.
Try 'xtc2h5 --help' for help.
Try 'xtc2h5 --help' for help.
Try 'xtc2h5 --help' for help.
Try 'xtc2h5 --help' for help.
Try 'xtc2h5 --help' for help.
Try 'xtc2h5 --help' for help.
Try 'xtc2h5 --help' for help.
Try 'xtc2h5 --help' for help.
Try 'xtc2h5 --help' for help.
Try 'xtc2h5 --help' for help.
Try 'xtc2h5 --help' for help.
Try 'xtc2h5 --help' for help.
Try 'xtc2h5 --help' for help.
Try 'xtc2h5 --help' for help.
Try 'xtc2h5 --help' for help.
Try 'xtc2h5 --help' for help.
Try 'xtc2h5 --help' for help.
Try 'xtc2h5 --help' for help.
Try 'xtc2h5 --help' for help.
Try 'xtc2h5 --help' for help.
Try 'xtc2h5 --help' for help.
Try 'xtc2h5 --help' for help.
Try 'xtc2h5 --help' for help.
Try 'xtc2h5 --help' for help.
Try 'xtc2h5 --help' for help.
Try 'xtc2h5 --help' for help.
Try 'xtc2h5 --help' for help.
Try 'xtc2h5 --help' for help.
Try 'xtc2h5 --help' for help.
Try 'xtc2h5 --help' for help.
Try 'xtc2h5 --help' for help.
Try 'xtc2h5 --help' for help.
Try 'xtc2h5 --help' for help.
Try 'xtc2h5 --help' for help.
Try 'xtc2h5 --help' for help.
╭─ Error ──────────────────────────────────────────────────────────────────────╮
│ Invalid value for 'RUN': 'tmol1034523' is not a valid integer.               │
╰──────────────────────────────────────────────────────────────────────────────╯
╭─ Error ──────────────────────────────────────────────────────────────────────╮
│ Invalid value for 'RUN': 'tmol1034523' is not a valid integer.               │
╰──────────────────────────────────────────────────────────────────────────────╯
╭─ Error ──────────────────────────────────────────────────────────────────────╮
│ Invalid value for 'RUN': 'tmol1034523' is not a valid integer.               │
╰──────────────────────────────────────────────────────────────────────────────╯
╭─ Error ──────────────────────────────────────────────────────────────────────╮
│ Invalid value for 'RUN': 'tmol1034523' is not a valid integer.               │
╰──────────────────────────────────────────────────────────────────────────────╯
╭─ Error ──────────────────────────────────────────────────────────────────────╮
│ Invalid value for 'RUN': 'tmol1034523' is not a valid integer.               │
╰──────────────────────────────────────────────────────────────────────────────╯
╭─ Error ──────────────────────────────────────────────────────────────────────╮
│ Invalid value for 'RUN': 'tmol1034523' is not a valid integer.               │
╰──────────────────────────────────────────────────────────────────────────────╯
╭─ Error ──────────────────────────────────────────────────────────────────────╮
│ Invalid value for 'RUN': 'tmol1034523' is not a valid integer.               │
╰──────────────────────────────────────────────────────────────────────────────╯
╭─ Error ──────────────────────────────────────────────────────────────────────╮
│ Invalid value for 'RUN': 'tmol1034523' is not a valid integer.               │
╰──────────────────────────────────────────────────────────────────────────────╯
╭─ Error ──────────────────────────────────────────────────────────────────────╮
│ Invalid value for 'RUN': 'tmol1034523' is not a valid integer.               │
╰──────────────────────────────────────────────────────────────────────────────╯
╭─ Error ──────────────────────────────────────────────────────────────────────╮
│ Invalid value for 'RUN': 'tmol1034523' is not a valid integer.               │
╰──────────────────────────────────────────────────────────────────────────────╯
╭─ Error ──────────────────────────────────────────────────────────────────────╮
│ Invalid value for 'RUN': 'tmol1034523' is not a valid integer.               │
╰──────────────────────────────────────────────────────────────────────────────╯
╭─ Error ──────────────────────────────────────────────────────────────────────╮
│ Invalid value for 'RUN': 'tmol1034523' is not a valid integer.               │
╰──────────────────────────────────────────────────────────────────────────────╯
╭─ Error ──────────────────────────────────────────────────────────────────────╮
│ Invalid value for 'RUN': 'tmol1034523' is not a valid integer.               │
╰──────────────────────────────────────────────────────────────────────────────╯
╭─ Error ──────────────────────────────────────────────────────────────────────╮
│ Invalid value for 'RUN': 'tmol1034523' is not a valid integer.               │
╰──────────────────────────────────────────────────────────────────────────────╯
╭─ Error ──────────────────────────────────────────────────────────────────────╮
│ Invalid value for 'RUN': 'tmol1034523' is not a valid integer.               │
╰──────────────────────────────────────────────────────────────────────────────╯
╭─ Error ──────────────────────────────────────────────────────────────────────╮
│ Invalid value for 'RUN': 'tmol1034523' is not a valid integer.               │
╰──────────────────────────────────────────────────────────────────────────────╯
╭─ Error ──────────────────────────────────────────────────────────────────────╮
│ Invalid value for 'RUN': 'tmol1034523' is not a valid integer.               │
╰──────────────────────────────────────────────────────────────────────────────╯
╭─ Error ──────────────────────────────────────────────────────────────────────╮
│ Invalid value for 'RUN': 'tmol1034523' is not a valid integer.               │
╰──────────────────────────────────────────────────────────────────────────────╯
╭─ Error ──────────────────────────────────────────────────────────────────────╮
│ Invalid value for 'RUN': 'tmol1034523' is not a valid integer.               │
╰──────────────────────────────────────────────────────────────────────────────╯
╭─ Error ──────────────────────────────────────────────────────────────────────╮
│ Invalid value for 'RUN': 'tmol1034523' is not a valid integer.               │
╰──────────────────────────────────────────────────────────────────────────────╯
╭─ Error ──────────────────────────────────────────────────────────────────────╮
│ Invalid value for 'RUN': 'tmol1034523' is not a valid integer.               │
╰──────────────────────────────────────────────────────────────────────────────╯
╭─ Error ──────────────────────────────────────────────────────────────────────╮
│ Invalid value for 'RUN': 'tmol1034523' is not a valid integer.               │
╰──────────────────────────────────────────────────────────────────────────────╯
╭─ Error ──────────────────────────────────────────────────────────────────────╮
│ Invalid value for 'RUN': 'tmol1034523' is not a valid integer.               │
╰──────────────────────────────────────────────────────────────────────────────╯
╭─ Error ──────────────────────────────────────────────────────────────────────╮
│ Invalid value for 'RUN': 'tmol1034523' is not a valid integer.               │
╰──────────────────────────────────────────────────────────────────────────────╯
╭─ Error ──────────────────────────────────────────────────────────────────────╮
│ Invalid value for 'RUN': 'tmol1034523' is not a valid integer.               │
╰──────────────────────────────────────────────────────────────────────────────╯
╭─ Error ──────────────────────────────────────────────────────────────────────╮
│ Invalid value for 'RUN': 'tmol1034523' is not a valid integer.               │
╰──────────────────────────────────────────────────────────────────────────────╯
╭─ Error ──────────────────────────────────────────────────────────────────────╮
│ Invalid value for 'RUN': 'tmol1034523' is not a valid integer.               │
╰──────────────────────────────────────────────────────────────────────────────╯
╭─ Error ──────────────────────────────────────────────────────────────────────╮
│ Invalid value for 'RUN': 'tmol1034523' is not a valid integer.               │
╰──────────────────────────────────────────────────────────────────────────────╯
╭─ Error ──────────────────────────────────────────────────────────────────────╮
│ Invalid value for 'RUN': 'tmol1034523' is not a valid integer.               │
╰──────────────────────────────────────────────────────────────────────────────╯
╭─ Error ──────────────────────────────────────────────────────────────────────╮
│ Invalid value for 'RUN': 'tmol1034523' is not a valid integer.               │
╰──────────────────────────────────────────────────────────────────────────────╯
╭─ Error ──────────────────────────────────────────────────────────────────────╮
│ Invalid value for 'RUN': 'tmol1034523' is not a valid integer.               │
╰──────────────────────────────────────────────────────────────────────────────╯
╭─ Error ──────────────────────────────────────────────────────────────────────╮
│ Invalid value for 'RUN': 'tmol1034523' is not a valid integer.               │
╰──────────────────────────────────────────────────────────────────────────────╯
╭─ Error ──────────────────────────────────────────────────────────────────────╮
│ Invalid value for 'RUN': 'tmol1034523' is not a valid integer.               │
╰──────────────────────────────────────────────────────────────────────────────╯
╭─ Error ──────────────────────────────────────────────────────────────────────╮
│ Invalid value for 'RUN': 'tmol1034523' is not a valid integer.               │
╰──────────────────────────────────────────────────────────────────────────────╯
╭─ Error ──────────────────────────────────────────────────────────────────────╮
│ Invalid value for 'RUN': 'tmol1034523' is not a valid integer.               │
╰──────────────────────────────────────────────────────────────────────────────╯
╭─ Error ──────────────────────────────────────────────────────────────────────╮
│ Invalid value for 'RUN': 'tmol1034523' is not a valid integer.               │
╰──────────────────────────────────────────────────────────────────────────────╯
╭─ Error ──────────────────────────────────────────────────────────────────────╮
│ Invalid value for 'RUN': 'tmol1034523' is not a valid integer.               │
╰──────────────────────────────────────────────────────────────────────────────╯
╭─ Error ──────────────────────────────────────────────────────────────────────╮
│ Invalid value for 'RUN': 'tmol1034523' is not a valid integer.               │
╰──────────────────────────────────────────────────────────────────────────────╯
╭─ Error ──────────────────────────────────────────────────────────────────────╮
│ Invalid value for 'RUN': 'tmol1034523' is not a valid integer.               │
╰──────────────────────────────────────────────────────────────────────────────╯
╭─ Error ──────────────────────────────────────────────────────────────────────╮
│ Invalid value for 'RUN': 'tmol1034523' is not a valid integer.               │
╰──────────────────────────────────────────────────────────────────────────────╯
Try 'xtc2h5 --help' for help.
╭─ Error ──────────────────────────────────────────────────────────────────────╮
│ Invalid value for 'RUN': 'tmol1034523' is not a valid integer.               │
╰──────────────────────────────────────────────────────────────────────────────╯
╭─ Error ──────────────────────────────────────────────────────────────────────╮
│ Invalid value for 'RUN': 'tmol1034523' is not a valid integer.               │
╰──────────────────────────────────────────────────────────────────────────────╯
╭─ Error ──────────────────────────────────────────────────────────────────────╮
│ Invalid value for 'RUN': 'tmol1034523' is not a valid integer.               │
╰──────────────────────────────────────────────────────────────────────────────╯
╭─ Error ──────────────────────────────────────────────────────────────────────╮
│ Invalid value for 'RUN': 'tmol1034523' is not a valid integer.               │
╰──────────────────────────────────────────────────────────────────────────────╯
╭─ Error ──────────────────────────────────────────────────────────────────────╮
│ Invalid value for 'RUN': 'tmol1034523' is not a valid integer.               │
╰──────────────────────────────────────────────────────────────────────────────╯
╭─ Error ──────────────────────────────────────────────────────────────────────╮
│ Invalid value for 'RUN': 'tmol1034523' is not a valid integer.               │
╰──────────────────────────────────────────────────────────────────────────────╯
╭─ Error ──────────────────────────────────────────────────────────────────────╮
│ Invalid value for 'RUN': 'tmol1034523' is not a valid integer.               │
╰──────────────────────────────────────────────────────────────────────────────╯
╭─ Error ──────────────────────────────────────────────────────────────────────╮
│ Invalid value for 'RUN': 'tmol1034523' is not a valid integer.               │
╰──────────────────────────────────────────────────────────────────────────────╯
╭─ Error ──────────────────────────────────────────────────────────────────────╮
│ Invalid value for 'RUN': 'tmol1034523' is not a valid integer.               │
╰──────────────────────────────────────────────────────────────────────────────╯
╭─ Error ──────────────────────────────────────────────────────────────────────╮
│ Invalid value for 'RUN': 'tmol1034523' is not a valid integer.               │
╰──────────────────────────────────────────────────────────────────────────────╯
╭─ Error ──────────────────────────────────────────────────────────────────────╮
│ Invalid value for 'RUN': 'tmol1034523' is not a valid integer.               │
╰──────────────────────────────────────────────────────────────────────────────╯
╭─ Error ──────────────────────────────────────────────────────────────────────╮
│ Invalid value for 'RUN': 'tmol1034523' is not a valid integer.               │
╰──────────────────────────────────────────────────────────────────────────────╯
╭─ Error ──────────────────────────────────────────────────────────────────────╮
│ Invalid value for 'RUN': 'tmol1034523' is not a valid integer.               │
╰──────────────────────────────────────────────────────────────────────────────╯
╭─ Error ──────────────────────────────────────────────────────────────────────╮
│ Invalid value for 'RUN': 'tmol1034523' is not a valid integer.               │
╰──────────────────────────────────────────────────────────────────────────────╯
╭─ Error ──────────────────────────────────────────────────────────────────────╮
│ Invalid value for 'RUN': 'tmol1034523' is not a valid integer.               │
╰──────────────────────────────────────────────────────────────────────────────╯
╭─ Error ──────────────────────────────────────────────────────────────────────╮
│ Invalid value for 'RUN': 'tmol1034523' is not a valid integer.               │
╰──────────────────────────────────────────────────────────────────────────────╯
--------------------------------------------------------------------------
Primary job  terminated normally, but 1 process returned
a non-zero exit code. Per user-direction, the job has been aborted.
--------------------------------------------------------------------------
--------------------------------------------------------------------------
mpirun detected that one or more processes exited with non-zero status, thus causing
the job to be terminated. The first process to do so was:

  Process name: [[63888,1],56]
  Exit code:    2
--------------------------------------------------------------------------

real	0m9.875s
user	0m0.967s
sys	0m3.618s
